make all --print-data-base --no-builtin-variables --no-builtin-rules --question
# GNU Make 3.81
# Copyright (C) 2006  Free Software Foundation, Inc.
# This is free software; see the source for copying conditions.
# There is NO warranty; not even for MERCHANTABILITY or FITNESS FOR A
# PARTICULAR PURPOSE.

# This program built for i386-apple-darwin11.3.0
 
make: *** No rule to make target `all'.  Stop.


# Make data base, printed on Tue May 10 12:19:02 2022

# Variables

# automatic
<D = $(patsubst %/,%,$(dir $<))
# environment
RUBY_VERSION = ruby-2.6.6
# automatic
?F = $(notdir $?)
# environment
VSCODE_LOG_NATIVE = false
 
# automatic
?D = $(patsubst %/,%,$(dir $?))
# environment
rvm_path = /Users/mac/.rvm
# automatic
@D = $(patsubst %/,%,$(dir $@))
# automatic
@F = $(notdir $@)
# makefile
CURDIR := /Users/mac/Kaiyuan/Code/Github/kaierwen/My-CSAPP-CODE
# makefile
SHELL = /bin/sh
# environment
VSCODE_NLS_CONFIG = {"locale":"en","availableLanguages":{},"_languagePackSupport":true}
# environment
_ = /usr/bin/make
# environment
JAVA_9_HOME = /Library/Java/JavaVirtualMachines/jdk-16.0.1.jdk/Contents/Home
# makefile
MAKEFILE_LIST := 
# environment
JAVA_13_HOME = /Library/Java/JavaVirtualMachines/jdk-16.0.1.jdk/Contents/Home
# environment
VSCODE_VERBOSE_LOGGING = true
# environment
__CFBundleIdentifier = com.microsoft.VSCode
# environment
P9K_SSH = 0
# environment
VSCODE_IPC_HOOK_EXTHOST = /var/folders/kb/0nxh_rqs4w7bt4_chpbvm2yc0000gn/T/vscode-ipc-c894f44c-7168-47bb-a25a-51d8ac7f5353.sock
# environment
VSCODE_CWD = /
# environment
PATH = /Users/mac/.rvm/gems/ruby-2.6.6/bin:/Users/mac/.rvm/gems/ruby-2.6.6@global/bin:/Users/mac/.rvm/rubies/ruby-2.6.6/bin:/opt/local/bin:/opt/local/sbin:/usr/local/bin:/usr/bin:/bin:/usr/sbin:/sbin:/usr/local/go/bin:/usr/local/aria2/bin:/usr/local/MacGPG2/bin:/opt/X11/bin:/Library/Apple/usr/bin:/Library/Frameworks/Mono.framework/Versions/Current/Commands:/bin:/usr/local/opt/openssl@1.1/bin:/Users/mac/Library/Android/sdk/platform-tools:/Users/mac/Code/apache-tomcat-8.5.53/bin:/Users/mac/Code/apache-maven-3.6.3/bin:/usr/local/mysql-8.0.19-macos10.15-x86_64/bin:/Users/mac/Code/flutter/bin:/Users/mac/.rvm/bin
# environment
LSCOLORS = Gxfxcxdxbxegedabagacad
# environment
JAVA_15_HOME = /Library/Java/JavaVirtualMachines/jdk-16.0.1.jdk/Contents/Home
# environment
VSCODE_LOG_STACK = false
# environment
ELECTRON_RUN_AS_NODE = 1
# environment
ANDROID_HOME = /Users/mac/Library/Android/sdk
# default
.FEATURES := target-specific order-only second-expansion else-if archives jobserver check-symlink
# environment
SSH_AUTH_SOCK = /private/tmp/com.apple.launchd.Y11akKwCWu/Listeners
# automatic
%F = $(notdir $%)
# environment
DISPLAY = /private/tmp/com.apple.launchd.x4IgBupb6h/org.xquartz:0
# environment
VSCODE_PIPE_LOGGING = true
# environment
rvm_bin_path = /Users/mac/.rvm/bin
# environment
PWD = /Users/mac/Kaiyuan/Code/Github/kaierwen/My-CSAPP-CODE
# environment
GEM_HOME = /Users/mac/.rvm/gems/ruby-2.6.6
# environment
ORIGINAL_XDG_CURRENT_DESKTOP = undefined
# environment
VSCODE_AMD_ENTRYPOINT = vs/workbench/api/node/extensionHostProcess
# environment
HOME = /Users/mac
# automatic
+D = $(patsubst %/,%,$(dir $+))
# default
MAKEFILEPATH = $(shell /usr/bin/xcode-select -print-path 2>/dev/null || echo /Developer)/Makefiles
# environment
VSCODE_CODE_CACHE_PATH = /Users/mac/Library/Application Support/Code/CachedData/57fd6d0195bb9b9d1b49f6da5db789060795de47
# environment
LOGNAME = mac
# environment
APPLICATION_INSIGHTS_NO_DIAGNOSTIC_CHANNEL = true
# environment
ZSH = /Users/mac/.oh-my-zsh
# environment
VSCODE_HANDLES_UNCAUGHT_ERRORS = true
# automatic
^D = $(patsubst %/,%,$(dir $^))
# environment
JAVA_14_HOME = /Library/Java/JavaVirtualMachines/jdk-16.0.1.jdk/Contents/Home
# environment
GEM_PATH = /Users/mac/.rvm/gems/ruby-2.6.6:/Users/mac/.rvm/gems/ruby-2.6.6@global
# environment
XPC_FLAGS = 0x0
# default
MAKE = $(MAKE_COMMAND)
# default
MAKECMDGOALS := all
# environment
ANDROID_NDK_HOME = /Users/mac/Library/Android/sdk/ndk/24.0.7856742
# environment
IRBRC = /Users/mac/.rvm/rubies/ruby-2.6.6/.irbrc
# environment
PUB_HOSTED_URL = https://pub.flutter-io.cn
# default
MAKE_VERSION := 3.81
# environment
USER = mac
# makefile
.DEFAULT_GOAL := 
# environment
CLASSPATH = .:/lib/dt.jar:/lib/tools.jar
# environment
rvm_version = 1.29.12 (latest)
# environment
LESS = -R
# automatic
%D = $(patsubst %/,%,$(dir $%))
# default
MAKE_COMMAND := /Library/Developer/CommandLineTools/usr/bin/make
# default
.VARIABLES := 
# environment
TMPDIR = /var/folders/kb/0nxh_rqs4w7bt4_chpbvm2yc0000gn/T/
# automatic
*F = $(notdir $*)
# environment
VSCODE_IPC_HOOK = /Users/mac/Library/Application Support/Code/1.67.0-main.sock
# makefile
MAKEFLAGS = Rrqp
# environment
MFLAGS = -Rrqp
# automatic
*D = $(patsubst %/,%,$(dir $*))
# environment
XPC_SERVICE_NAME = application.com.microsoft.VSCode.49063618.49063624
# environment
FLUTTER_STORAGE_BASE_URL = https://storage.flutter-io.cn
# automatic
+F = $(notdir $+)
# environment
__CF_USER_TEXT_ENCODING = 0x1F5:0x0:0x0
# environment
COMMAND_MODE = unix2003
# default
MAKEFILES := 
# automatic
<F = $(notdir $<)
# environment
JAVA_10_HOME = /Library/Java/JavaVirtualMachines/jdk-16.0.1.jdk/Contents/Home
# environment
JAVA_16_HOME = /Library/Java/JavaVirtualMachines/jdk-16.0.1.jdk/Contents/Home
# environment
PAGER = less
# environment
ANDROID_SDK_ROOT = /Users/mac/Library/Android/sdk
# environment
LC_ALL = C
 
# environment
JAVA_11_HOME = /Library/Java/JavaVirtualMachines/jdk-11.0.12.jdk/Contents/Home
# automatic
^F = $(notdir $^)
# environment
rvm_prefix = /Users/mac
# default
SUFFIXES := 
# default
.INCLUDE_DIRS = /usr/local/include
# environment
ANDROID_AVD_HOME = /Users/mac/.android/avd
# environment
MAKELEVEL := 0
# environment
SHLVL = 1
# environment
LANG = C
# environment
JAVA_12_HOME = /Library/Java/JavaVirtualMachines/jdk-16.0.1.jdk/Contents/Home
# environment
JAVA_8_HOME = /Library/Internet Plug-Ins/JavaAppletPlugin.plugin/Contents/Home
# environment
VSCODE_PID = 880
# environment
MY_RUBY_HOME = /Users/mac/.rvm/rubies/ruby-2.6.6
# variable set hash-table stats:
# Load=93/1024=9%, Rehash=0, Collisions=5/114=4%

# Pattern-specific Variable Values

# No pattern-specific variable values.

# Directories

# . (device 16777220, inode 49278854): 6 files, no impossibilities.

# 6 files, no impossibilities in 1 directories.

# Implicit Rules

# No implicit rules.

# Files

# Not a target:
all:
#  Command-line target.
#  Implicit rule search has been done.
#  File does not exist.
#  File has not been updated.
# variable set hash-table stats:
# Load=0/32=0%, Rehash=0, Collisions=0/0=0%

# Not a target:
.SUFFIXES:
#  Implicit rule search has not been done.
#  Modification time never checked.
#  File has not been updated.

# Not a target:
Makefile:
#  A default, MAKEFILES, or -include/sinclude makefile.
#  Implicit rule search has been done.
#  File does not exist.
#  File has been updated.
#  Failed to be updated.
# variable set hash-table stats:
# Load=0/32=0%, Rehash=0, Collisions=0/0=0%

# Not a target:
makefile:
#  A default, MAKEFILES, or -include/sinclude makefile.
#  Implicit rule search has been done.
#  File does not exist.
#  File has been updated.
#  Failed to be updated.
# variable set hash-table stats:
# Load=0/32=0%, Rehash=0, Collisions=0/0=0%

# Not a target:
.DEFAULT:
#  Implicit rule search has not been done.
#  Modification time never checked.
#  File has not been updated.

# Not a target:
GNUmakefile:
#  A default, MAKEFILES, or -include/sinclude makefile.
#  Implicit rule search has been done.
#  File does not exist.
#  File has been updated.
#  Failed to be updated.
# variable set hash-table stats:
# Load=0/32=0%, Rehash=0, Collisions=0/0=0%

# files hash-table stats:
# Load=6/1024=1%, Rehash=0, Collisions=0/17=0%
# VPATH Search Paths

# No `vpath' search paths.

# No general (`VPATH' variable) search path.

# # of strings in strcache: 0
# # of strcache buffers: 0
# strcache size: total = 0 / max = 0 / min = 4096 / avg = 0
# strcache free: total = 0 / max = 0 / min = 4096 / avg = 0

# Finished Make data base on Tue May 10 12:19:02 2022

 
